#! /c/Source/iverilog-install/bin/vvp
:ivl_version "12.0 (devel)" "(s20150603-1539-g2693dd32b)";
:ivl_delay_selection "TYPICAL";
:vpi_time_precision + 0;
:vpi_module "C:\iverilog\lib\ivl\system.vpi";
:vpi_module "C:\iverilog\lib\ivl\vhdl_sys.vpi";
:vpi_module "C:\iverilog\lib\ivl\vhdl_textio.vpi";
:vpi_module "C:\iverilog\lib\ivl\v2005_math.vpi";
:vpi_module "C:\iverilog\lib\ivl\va_math.vpi";
:vpi_module "C:\iverilog\lib\ivl\v2009.vpi";
S_00000235829b8840 .scope package, "$unit" "$unit" 2 1;
 .timescale 0 0;
S_00000235829b6dd0 .scope module, "tb_mul" "tb_mul" 3 4;
 .timescale 0 0;
v0000023582a18b40_0 .var "a", 11 0;
v0000023582a180a0_0 .var "b", 11 0;
v0000023582a18460_0 .net "y", 11 0, L_0000023582a18a00;  1 drivers
S_00000235829b6370 .scope module, "dut" "mod_multiplier" 3 10, 4 2 0, S_00000235829b6dd0;
 .timescale 0 0;
    .port_info 0 /INPUT 12 "a";
    .port_info 1 /INPUT 12 "b";
    .port_info 2 /OUTPUT 12 "y";
P_00000235828ab980 .param/l "Q" 0 4 7, +C4<00000000000000000000110100000001>;
v00000235828a6e70_0 .net *"_ivl_0", 23 0, L_0000023582a18500;  1 drivers
v00000235829baa60_0 .net *"_ivl_10", 31 0, L_0000023582a183c0;  1 drivers
L_0000023582a190f8 .functor BUFT 1, C4<00000000>, C4<0>, C4<0>, C4<0>;
v00000235829bab00_0 .net *"_ivl_13", 7 0, L_0000023582a190f8;  1 drivers
L_0000023582a19140 .functor BUFT 1, C4<00000000000000000000110100000001>, C4<0>, C4<0>, C4<0>;
v00000235829baba0_0 .net/2u *"_ivl_14", 31 0, L_0000023582a19140;  1 drivers
v00000235828aa8b0_0 .net *"_ivl_16", 31 0, L_0000023582a18960;  1 drivers
L_0000023582a19068 .functor BUFT 1, C4<000000000000>, C4<0>, C4<0>, C4<0>;
v00000235828aa950_0 .net *"_ivl_3", 11 0, L_0000023582a19068;  1 drivers
v00000235828aa9f0_0 .net *"_ivl_4", 23 0, L_0000023582a18aa0;  1 drivers
L_0000023582a190b0 .functor BUFT 1, C4<000000000000>, C4<0>, C4<0>, C4<0>;
v00000235828abc80_0 .net *"_ivl_7", 11 0, L_0000023582a190b0;  1 drivers
v00000235828abd20_0 .net "a", 11 0, v0000023582a18b40_0;  1 drivers
v00000235828abdc0_0 .net "b", 11 0, v0000023582a180a0_0;  1 drivers
v0000023582a188c0_0 .net "product", 23 0, L_0000023582a18be0;  1 drivers
v0000023582a186e0_0 .net "y", 11 0, L_0000023582a18a00;  alias, 1 drivers
L_0000023582a18500 .concat [ 12 12 0 0], v0000023582a18b40_0, L_0000023582a19068;
L_0000023582a18aa0 .concat [ 12 12 0 0], v0000023582a180a0_0, L_0000023582a190b0;
L_0000023582a18be0 .arith/mult 24, L_0000023582a18500, L_0000023582a18aa0;
L_0000023582a183c0 .concat [ 24 8 0 0], L_0000023582a18be0, L_0000023582a190f8;
L_0000023582a18960 .arith/mod 32, L_0000023582a183c0, L_0000023582a19140;
L_0000023582a18a00 .part L_0000023582a18960, 0, 12;
    .scope S_00000235829b6dd0;
T_0 ;
    %vpi_call/w 3 17 "$dumpfile", "tb_mul.vcd" {0 0 0};
    %vpi_call/w 3 18 "$dumpvars", 32'sb00000000000000000000000000000000, S_00000235829b6dd0 {0 0 0};
    %pushi/vec4 0, 0, 12;
    %store/vec4 v0000023582a18b40_0, 0, 12;
    %pushi/vec4 0, 0, 12;
    %store/vec4 v0000023582a180a0_0, 0, 12;
    %delay 10, 0;
    %load/vec4 v0000023582a18460_0;
    %pad/u 32;
    %load/vec4 v0000023582a18b40_0;
    %pad/u 32;
    %load/vec4 v0000023582a180a0_0;
    %pad/u 32;
    %mul;
    %pushi/vec4 3329, 0, 32;
    %mod;
    %cmp/e;
    %jmp/0xz  T_0.0, 4;
    %vpi_call/w 3 22 "$display", "PASS | a=%0d b=%0d | y=%0d", v0000023582a18b40_0, v0000023582a180a0_0, v0000023582a18460_0 {0 0 0};
    %jmp T_0.1;
T_0.0 ;
    %load/vec4 v0000023582a18b40_0;
    %pad/u 32;
    %load/vec4 v0000023582a180a0_0;
    %pad/u 32;
    %mul;
    %pushi/vec4 3329, 0, 32;
    %mod;
    %vpi_call/w 3 23 "$display", "FAIL | a=%0d b=%0d | expected=%0d got=%0d", v0000023582a18b40_0, v0000023582a180a0_0, S<0,vec4,u32>, v0000023582a18460_0 {1 0 0};
T_0.1 ;
    %pushi/vec4 3328, 0, 12;
    %store/vec4 v0000023582a18b40_0, 0, 12;
    %pushi/vec4 0, 0, 12;
    %store/vec4 v0000023582a180a0_0, 0, 12;
    %delay 10, 0;
    %load/vec4 v0000023582a18460_0;
    %pad/u 32;
    %load/vec4 v0000023582a18b40_0;
    %pad/u 32;
    %load/vec4 v0000023582a180a0_0;
    %pad/u 32;
    %mul;
    %pushi/vec4 3329, 0, 32;
    %mod;
    %cmp/e;
    %jmp/0xz  T_0.2, 4;
    %vpi_call/w 3 27 "$display", "PASS | a=%0d b=%0d | y=%0d", v0000023582a18b40_0, v0000023582a180a0_0, v0000023582a18460_0 {0 0 0};
    %jmp T_0.3;
T_0.2 ;
    %load/vec4 v0000023582a18b40_0;
    %pad/u 32;
    %load/vec4 v0000023582a180a0_0;
    %pad/u 32;
    %mul;
    %pushi/vec4 3329, 0, 32;
    %mod;
    %vpi_call/w 3 28 "$display", "FAIL | a=%0d b=%0d | expected=%0d got=%0d", v0000023582a18b40_0, v0000023582a180a0_0, S<0,vec4,u32>, v0000023582a18460_0 {1 0 0};
T_0.3 ;
    %pushi/vec4 3328, 0, 12;
    %store/vec4 v0000023582a18b40_0, 0, 12;
    %pushi/vec4 3328, 0, 12;
    %store/vec4 v0000023582a180a0_0, 0, 12;
    %delay 10, 0;
    %load/vec4 v0000023582a18460_0;
    %pad/u 32;
    %load/vec4 v0000023582a18b40_0;
    %pad/u 32;
    %load/vec4 v0000023582a180a0_0;
    %pad/u 32;
    %mul;
    %pushi/vec4 3329, 0, 32;
    %mod;
    %cmp/e;
    %jmp/0xz  T_0.4, 4;
    %vpi_call/w 3 32 "$display", "PASS | a=%0d b=%0d | y=%0d", v0000023582a18b40_0, v0000023582a180a0_0, v0000023582a18460_0 {0 0 0};
    %jmp T_0.5;
T_0.4 ;
    %load/vec4 v0000023582a18b40_0;
    %pad/u 32;
    %load/vec4 v0000023582a180a0_0;
    %pad/u 32;
    %mul;
    %pushi/vec4 3329, 0, 32;
    %mod;
    %vpi_call/w 3 33 "$display", "FAIL | a=%0d b=%0d | expected=%0d got=%0d", v0000023582a18b40_0, v0000023582a180a0_0, S<0,vec4,u32>, v0000023582a18460_0 {1 0 0};
T_0.5 ;
    %pushi/vec4 17, 0, 12;
    %store/vec4 v0000023582a18b40_0, 0, 12;
    %pushi/vec4 17, 0, 12;
    %store/vec4 v0000023582a180a0_0, 0, 12;
    %delay 10, 0;
    %load/vec4 v0000023582a18460_0;
    %pad/u 32;
    %load/vec4 v0000023582a18b40_0;
    %pad/u 32;
    %load/vec4 v0000023582a180a0_0;
    %pad/u 32;
    %mul;
    %pushi/vec4 3329, 0, 32;
    %mod;
    %cmp/e;
    %jmp/0xz  T_0.6, 4;
    %vpi_call/w 3 37 "$display", "PASS | a=%0d b=%0d | y=%0d", v0000023582a18b40_0, v0000023582a180a0_0, v0000023582a18460_0 {0 0 0};
    %jmp T_0.7;
T_0.6 ;
    %load/vec4 v0000023582a18b40_0;
    %pad/u 32;
    %load/vec4 v0000023582a180a0_0;
    %pad/u 32;
    %mul;
    %pushi/vec4 3329, 0, 32;
    %mod;
    %vpi_call/w 3 38 "$display", "FAIL | a=%0d b=%0d | expected=%0d got=%0d", v0000023582a18b40_0, v0000023582a180a0_0, S<0,vec4,u32>, v0000023582a18460_0 {1 0 0};
T_0.7 ;
    %pushi/vec4 475, 0, 12;
    %store/vec4 v0000023582a18b40_0, 0, 12;
    %pushi/vec4 7, 0, 12;
    %store/vec4 v0000023582a180a0_0, 0, 12;
    %delay 10, 0;
    %load/vec4 v0000023582a18460_0;
    %pad/u 32;
    %cmpi/u 3329, 0, 32;
    %flag_inv 5; GE is !LT
    %jmp/0xz  T_0.8, 5;
    %vpi_call/w 3 42 "$display", "FAIL | out of range | got=%0d", v0000023582a18460_0 {0 0 0};
    %jmp T_0.9;
T_0.8 ;
    %vpi_call/w 3 43 "$display", "PASS | in range | y=%0d", v0000023582a18460_0 {0 0 0};
T_0.9 ;
    %delay 50, 0;
    %vpi_call/w 3 45 "$finish" {0 0 0};
    %end;
    .thread T_0;
# The file index is used to find the file name in the following table.
:file_names 5;
    "N/A";
    "<interactive>";
    "-";
    "tb/tb_mul.sv";
    "rtl/mod_multiplier.sv";
