#! /c/Source/iverilog-install/bin/vvp
:ivl_version "12.0 (devel)" "(s20150603-1539-g2693dd32b)";
:ivl_delay_selection "TYPICAL";
:vpi_time_precision + 0;
:vpi_module "C:\iverilog\lib\ivl\system.vpi";
:vpi_module "C:\iverilog\lib\ivl\vhdl_sys.vpi";
:vpi_module "C:\iverilog\lib\ivl\vhdl_textio.vpi";
:vpi_module "C:\iverilog\lib\ivl\v2005_math.vpi";
:vpi_module "C:\iverilog\lib\ivl\va_math.vpi";
:vpi_module "C:\iverilog\lib\ivl\v2009.vpi";
S_0000016f7d31bc60 .scope package, "$unit" "$unit" 2 1;
 .timescale 0 0;
S_0000016f7d31b4a0 .scope module, "tb_sub" "tb_sub" 3 1;
 .timescale 0 0;
v0000016f7d378fc0_0 .var "a", 11 0;
v0000016f7d378c00_0 .var "b", 11 0;
v0000016f7d379740_0 .net "result", 11 0, L_0000016f7d3797e0;  1 drivers
S_0000016f7d20be10 .scope module, "dut" "mod_subtractor" 3 6, 4 7 0, S_0000016f7d31b4a0;
 .timescale 0 0;
    .port_info 0 /INPUT 12 "a";
    .port_info 1 /INPUT 12 "b";
    .port_info 2 /OUTPUT 12 "result";
P_0000016f7d316b80 .param/l "Q" 0 4 14, +C4<00000000000000000000110100000001>;
v0000016f7d206e70_0 .net *"_ivl_0", 0 0, L_0000016f7d378ca0;  1 drivers
v0000016f7d31c400_0 .net *"_ivl_10", 31 0, L_0000016f7d379600;  1 drivers
v0000016f7d208cb0_0 .net *"_ivl_12", 31 0, L_0000016f7d379100;  1 drivers
L_0000016f7d379938 .functor BUFT 1, C4<00000000000000000000>, C4<0>, C4<0>, C4<0>;
v0000016f7d318930_0 .net *"_ivl_15", 19 0, L_0000016f7d379938;  1 drivers
v0000016f7d3189d0_0 .net *"_ivl_16", 31 0, L_0000016f7d379240;  1 drivers
L_0000016f7d379980 .functor BUFT 1, C4<00000000000000000000>, C4<0>, C4<0>, C4<0>;
v0000016f7d318a70_0 .net *"_ivl_19", 19 0, L_0000016f7d379980;  1 drivers
v0000016f7d318b10_0 .net *"_ivl_2", 31 0, L_0000016f7d378f20;  1 drivers
v0000016f7d31c850_0 .net *"_ivl_20", 31 0, L_0000016f7d3796a0;  1 drivers
L_0000016f7d3799c8 .functor BUFT 1, C4<00000000000000000000110100000001>, C4<0>, C4<0>, C4<0>;
v0000016f7d31c8f0_0 .net/2u *"_ivl_22", 31 0, L_0000016f7d3799c8;  1 drivers
v0000016f7d31c990_0 .net *"_ivl_24", 31 0, L_0000016f7d379560;  1 drivers
v0000016f7d378d40_0 .net *"_ivl_26", 31 0, L_0000016f7d3792e0;  1 drivers
L_0000016f7d3798a8 .functor BUFT 1, C4<00000000000000000000>, C4<0>, C4<0>, C4<0>;
v0000016f7d378de0_0 .net *"_ivl_5", 19 0, L_0000016f7d3798a8;  1 drivers
v0000016f7d378b60_0 .net *"_ivl_6", 31 0, L_0000016f7d379060;  1 drivers
L_0000016f7d3798f0 .functor BUFT 1, C4<00000000000000000000>, C4<0>, C4<0>, C4<0>;
v0000016f7d378a20_0 .net *"_ivl_9", 19 0, L_0000016f7d3798f0;  1 drivers
v0000016f7d378ac0_0 .net "a", 11 0, v0000016f7d378fc0_0;  1 drivers
v0000016f7d378e80_0 .net "b", 11 0, v0000016f7d378c00_0;  1 drivers
v0000016f7d3791a0_0 .net "result", 11 0, L_0000016f7d3797e0;  alias, 1 drivers
L_0000016f7d378ca0 .cmp/ge 12, v0000016f7d378fc0_0, v0000016f7d378c00_0;
L_0000016f7d378f20 .concat [ 12 20 0 0], v0000016f7d378fc0_0, L_0000016f7d3798a8;
L_0000016f7d379060 .concat [ 12 20 0 0], v0000016f7d378c00_0, L_0000016f7d3798f0;
L_0000016f7d379600 .arith/sub 32, L_0000016f7d378f20, L_0000016f7d379060;
L_0000016f7d379100 .concat [ 12 20 0 0], v0000016f7d378fc0_0, L_0000016f7d379938;
L_0000016f7d379240 .concat [ 12 20 0 0], v0000016f7d378c00_0, L_0000016f7d379980;
L_0000016f7d3796a0 .arith/sub 32, L_0000016f7d379100, L_0000016f7d379240;
L_0000016f7d379560 .arith/sum 32, L_0000016f7d3796a0, L_0000016f7d3799c8;
L_0000016f7d3792e0 .functor MUXZ 32, L_0000016f7d379560, L_0000016f7d379600, L_0000016f7d378ca0, C4<>;
L_0000016f7d3797e0 .part L_0000016f7d3792e0, 0, 12;
    .scope S_0000016f7d31b4a0;
T_0 ;
    %vpi_call/w 3 9 "$dumpfile", "tb_sub.vcd" {0 0 0};
    %vpi_call/w 3 10 "$dumpvars", 32'sb00000000000000000000000000000000, S_0000016f7d31b4a0 {0 0 0};
    %pushi/vec4 3320, 0, 12;
    %store/vec4 v0000016f7d378fc0_0, 0, 12;
    %pushi/vec4 5, 0, 12;
    %store/vec4 v0000016f7d378c00_0, 0, 12;
    %delay 10, 0;
    %load/vec4 v0000016f7d379740_0;
    %pad/u 32;
    %cmpi/e 3315, 0, 32;
    %jmp/0xz  T_0.0, 4;
    %vpi_call/w 3 14 "$display", "PASS | no wrap" {0 0 0};
    %jmp T_0.1;
T_0.0 ;
    %vpi_call/w 3 15 "$display", "FAIL | no wrap | got=%0d", v0000016f7d379740_0 {0 0 0};
T_0.1 ;
    %pushi/vec4 3320, 0, 12;
    %store/vec4 v0000016f7d378fc0_0, 0, 12;
    %pushi/vec4 3320, 0, 12;
    %store/vec4 v0000016f7d378c00_0, 0, 12;
    %delay 10, 0;
    %load/vec4 v0000016f7d379740_0;
    %pad/u 32;
    %cmpi/e 0, 0, 32;
    %jmp/0xz  T_0.2, 4;
    %vpi_call/w 3 19 "$display", "PASS | exact wrap to 0" {0 0 0};
    %jmp T_0.3;
T_0.2 ;
    %vpi_call/w 3 20 "$display", "FAIL | exact wrap to 0 | got=%0d", v0000016f7d379740_0 {0 0 0};
T_0.3 ;
    %pushi/vec4 3, 0, 12;
    %store/vec4 v0000016f7d378fc0_0, 0, 12;
    %pushi/vec4 35, 0, 12;
    %store/vec4 v0000016f7d378c00_0, 0, 12;
    %delay 10, 0;
    %load/vec4 v0000016f7d379740_0;
    %pad/u 32;
    %cmpi/e 3297, 0, 32;
    %jmp/0xz  T_0.4, 4;
    %vpi_call/w 3 24 "$display", "PASS | wrap above Q" {0 0 0};
    %jmp T_0.5;
T_0.4 ;
    %vpi_call/w 3 25 "$display", "FAIL | wrap above Q | got=%0d", v0000016f7d379740_0 {0 0 0};
T_0.5 ;
    %pushi/vec4 4090, 0, 12;
    %store/vec4 v0000016f7d378fc0_0, 0, 12;
    %pushi/vec4 10, 0, 12;
    %store/vec4 v0000016f7d378c00_0, 0, 12;
    %delay 10, 0;
    %load/vec4 v0000016f7d379740_0;
    %pad/u 32;
    %cmpi/e 4080, 0, 32;
    %jmp/0xz  T_0.6, 4;
    %vpi_call/w 3 29 "$display", "PASS | max + max" {0 0 0};
    %jmp T_0.7;
T_0.6 ;
    %vpi_call/w 3 30 "$display", "FAIL | max + max | got=%0d", v0000016f7d379740_0 {0 0 0};
T_0.7 ;
    %pushi/vec4 0, 0, 12;
    %store/vec4 v0000016f7d378fc0_0, 0, 12;
    %pushi/vec4 0, 0, 12;
    %store/vec4 v0000016f7d378c00_0, 0, 12;
    %delay 10, 0;
    %load/vec4 v0000016f7d379740_0;
    %pad/u 32;
    %cmpi/e 0, 0, 32;
    %jmp/0xz  T_0.8, 4;
    %vpi_call/w 3 34 "$display", "PASS | zero + zero" {0 0 0};
    %jmp T_0.9;
T_0.8 ;
    %vpi_call/w 3 35 "$display", "FAIL | zero + zero | got=%0d", v0000016f7d379740_0 {0 0 0};
T_0.9 ;
    %delay 50, 0;
    %vpi_call/w 3 37 "$finish" {0 0 0};
    %end;
    .thread T_0;
# The file index is used to find the file name in the following table.
:file_names 5;
    "N/A";
    "<interactive>";
    "-";
    "tb/tb_sub.sv";
    "rtl/mod_subtractor.sv";
